------------------------------------------------------------
Date::09/15/22 Thursday 07:10:10 UTC
Host::d7eb54f00f24
Command::/opt/ibm/db2/V11.5/instance/db2icrt_local -a server -d -s ese -u db2fenc1 -p db2c_db2inst1 db2inst1
Insttype::1
Level::VRMF=11.5.7.0,Interim=0,SpecialInstall=2445,SpecialBuild=,bld_level=s2203040646
Message::DBI1070I Program db2icrt_local completed successfully.
ReturnCode::0
------------------------------------------------------------
------------------------------------------------------------
Date::09/15/22 Thursday 07:16:29 UTC
Host::d7eb54f00f24
Command::/opt/ibm/db2/V11.5/instance/db2iupdt_local -u db2fenc1 -k -a server -d db2inst1
Insttype::1
Level::VRMF=11.5.7.0,Interim=0,SpecialInstall=2445,SpecialBuild=,bld_level=s2203040646
Message::
ReturnCode::0
------------------------------------------------------------
------------------------------------------------------------
Date::09/15/22 Thursday 07:20:11 UTC
Host::aeed24ff725c
Command::/opt/ibm/db2/V11.5/instance/db2iupdt_local -u db2fenc1 -k -a server -d db2inst1
Insttype::1
Level::VRMF=11.5.7.0,Interim=0,SpecialInstall=2445,SpecialBuild=,bld_level=s2203040646
Message::
ReturnCode::0
------------------------------------------------------------
Date::09/15/22 Thursday 07:21:42 UTC
Host::aeed24ff725c
Command::/opt/ibm/db2/V11.5/instance/db2iupdt_local -u db2fenc1 -k -a server -d db2inst1
Insttype::1
Level::VRMF=11.5.7.0,Interim=0,SpecialInstall=2445,SpecialBuild=,bld_level=s2203040646
Message::
ReturnCode::0
------------------------------------------------------------
------------------------------------------------------------
Date::09/15/22 Thursday 10:27:00 UTC
Host::aeed24ff725c
Command::/opt/ibm/db2/V11.5/instance/db2iupdt_local -u db2fenc1 -k -a server -d db2inst1
Insttype::1
Level::VRMF=11.5.7.0,Interim=0,SpecialInstall=2445,SpecialBuild=,bld_level=s2203040646
Message::
ReturnCode::0
------------------------------------------------------------
------------------------------------------------------------
Date::09/15/22 Thursday 10:44:00 UTC
Host::aeed24ff725c
Command::/opt/ibm/db2/V11.5/instance/db2iupdt_local -u db2fenc1 -k -a server -d db2inst1
Insttype::1
Level::VRMF=11.5.7.0,Interim=0,SpecialInstall=2445,SpecialBuild=,bld_level=s2203040646
Message::
ReturnCode::0
------------------------------------------------------------
------------------------------------------------------------
Date::09/15/22 Thursday 10:52:28 UTC
Host::aeed24ff725c
Command::/opt/ibm/db2/V11.5/instance/db2iupdt_local -u db2fenc1 -k -a server -d db2inst1
Insttype::1
Level::VRMF=11.5.7.0,Interim=0,SpecialInstall=2445,SpecialBuild=,bld_level=s2203040646
Message::
ReturnCode::0
------------------------------------------------------------
------------------------------------------------------------
Date::09/15/22 Thursday 15:36:41 UTC
Host::aeed24ff725c
Command::/opt/ibm/db2/V11.5/instance/db2iupdt_local -u db2fenc1 -k -a server -d db2inst1
Insttype::1
Level::VRMF=11.5.7.0,Interim=0,SpecialInstall=2445,SpecialBuild=,bld_level=s2203040646
Message::
ReturnCode::0
------------------------------------------------------------
------------------------------------------------------------
Date::09/15/22 Thursday 15:44:05 UTC
Host::aeed24ff725c
Command::/opt/ibm/db2/V11.5/instance/db2iupdt_local -u db2fenc1 -k -a server -d db2inst1
Insttype::1
Level::VRMF=11.5.7.0,Interim=0,SpecialInstall=2445,SpecialBuild=,bld_level=s2203040646
Message::
ReturnCode::0
------------------------------------------------------------
------------------------------------------------------------
Date::09/15/22 Thursday 15:54:16 UTC
Host::3517c3890315
Command::/opt/ibm/db2/V11.5/instance/db2iupdt_local -u db2fenc1 -k -a server -d db2inst1
Insttype::1
Level::VRMF=11.5.7.0,Interim=0,SpecialInstall=2445,SpecialBuild=,bld_level=s2203040646
Message::
ReturnCode::0
------------------------------------------------------------
------------------------------------------------------------
Date::09/15/22 Thursday 16:44:03 UTC
Host::00dbd8ab094a
Command::/opt/ibm/db2/V11.5/instance/db2iupdt_local -u db2fenc1 -k -a server -d db2inst1
Insttype::1
Level::VRMF=11.5.7.0,Interim=0,SpecialInstall=2445,SpecialBuild=,bld_level=s2203040646
Message::
ReturnCode::0
------------------------------------------------------------
------------------------------------------------------------
Date::09/15/22 Thursday 16:48:14 UTC
Host::e82b54dd2f80
Command::/opt/ibm/db2/V11.5/instance/db2iupdt_local -u db2fenc1 -k -a server -d db2inst1
Insttype::1
Level::VRMF=11.5.7.0,Interim=0,SpecialInstall=2445,SpecialBuild=,bld_level=s2203040646
Message::
ReturnCode::0
------------------------------------------------------------
------------------------------------------------------------
Date::09/15/22 Thursday 17:37:30 UTC
Host::f24e487a337f
Command::/opt/ibm/db2/V11.5/instance/db2iupdt_local -u db2fenc1 -k -a server -d db2inst1
Insttype::1
Level::VRMF=11.5.7.0,Interim=0,SpecialInstall=2445,SpecialBuild=,bld_level=s2203040646
Message::
ReturnCode::0
------------------------------------------------------------
------------------------------------------------------------
Date::09/15/22 Thursday 17:39:14 UTC
------------------------------------------------------------
Date::09/15/22 Thursday 17:40:19 UTC
Host::f34ec423b315
Command::/opt/ibm/db2/V11.5/instance/db2iupdt_local -u db2fenc1 -k -a server -d db2inst1
Insttype::1
Level::VRMF=11.5.7.0,Interim=0,SpecialInstall=2445,SpecialBuild=,bld_level=s2203040646
Message::
ReturnCode::0
------------------------------------------------------------
------------------------------------------------------------
Date::09/15/22 Thursday 17:50:27 UTC
Host::f34ec423b315
Command::/opt/ibm/db2/V11.5/instance/db2iupdt_local -u db2fenc1 -k -a server -d db2inst1
Insttype::1
Level::VRMF=11.5.7.0,Interim=0,SpecialInstall=2445,SpecialBuild=,bld_level=s2203040646
Message::
ReturnCode::0
------------------------------------------------------------
------------------------------------------------------------
Date::09/15/22 Thursday 17:53:12 UTC
Host::f34ec423b315
Command::/opt/ibm/db2/V11.5/instance/db2iupdt_local -u db2fenc1 -k -a server -d db2inst1
Insttype::1
Level::VRMF=11.5.7.0,Interim=0,SpecialInstall=2445,SpecialBuild=,bld_level=s2203040646
Message::
ReturnCode::0
------------------------------------------------------------
------------------------------------------------------------
Date::09/15/22 Thursday 18:29:44 UTC
Host::13b968632762
Command::/opt/ibm/db2/V11.5/instance/db2iupdt_local -u db2fenc1 -k -a server -d db2inst1
Insttype::1
Level::VRMF=11.5.7.0,Interim=0,SpecialInstall=2445,SpecialBuild=,bld_level=s2203040646
Message::
ReturnCode::0
------------------------------------------------------------
------------------------------------------------------------
Date::09/15/22 Thursday 18:37:40 UTC
Host::13b968632762
Command::/opt/ibm/db2/V11.5/instance/db2iupdt_local -u db2fenc1 -k -a server -d db2inst1
Insttype::1
Level::VRMF=11.5.7.0,Interim=0,SpecialInstall=2445,SpecialBuild=,bld_level=s2203040646
Message::
ReturnCode::0
------------------------------------------------------------
------------------------------------------------------------
Date::09/15/22 Thursday 18:41:32 UTC
Host::ae0bf6d8dae7
Command::/opt/ibm/db2/V11.5/instance/db2iupdt_local -u db2fenc1 -k -a server -d db2inst1
Insttype::1
Level::VRMF=11.5.7.0,Interim=0,SpecialInstall=2445,SpecialBuild=,bld_level=s2203040646
Message::
ReturnCode::0
------------------------------------------------------------
------------------------------------------------------------
Date::09/15/22 Thursday 18:49:49 UTC
Host::1ba4b107677c
Command::/opt/ibm/db2/V11.5/instance/db2iupdt_local -u db2fenc1 -k -a server -d db2inst1
Insttype::1
Level::VRMF=11.5.7.0,Interim=0,SpecialInstall=2445,SpecialBuild=,bld_level=s2203040646
Message::
ReturnCode::0
------------------------------------------------------------
